Starting CXL perf bandwidth parameter sweep...
Perf counters: instructions, cycles, cache-references, cache-misses, longest_lat_cache.miss, mem_inst_retired.all_loads, mem_inst_retired.all_stores, mem_load_retired.l3_hit, mem_load_retired.l3_miss, offcore_requests.l3_miss_demand_data_rd, offcore_requests.demand_data_rd, offcore_requests.demand_rfo, uncore_imc/cas_count_read/, uncore_imc/cas_count_write/, cycle_activity.stalls_l3_miss, memory_activity.stalls_l3_miss
Running parameter sweep:
  Thread counts: [4, 16, 64, 172, 256]
  Read ratios: [0, 0.15, 0.25, 0.35, 0.45, 0.5, 0.55, 0.65, 0.75, 0.85, 0.95, 1]
  Buffer sizes: ['1GB', '4GB', '16GB', '64GB']

Test 1/240: buffer_size=1.0GB, threads=4, read_ratio=0.00
Running perf + double_bandwidth
Parameters: buffer_size=1073741824, threads=4, duration=20, read_ratio=0
Running command: sudo perf stat -e instructions,cycles,cache-references,cache-misses,longest_lat_cache.miss,mem_inst_retired.all_loads,mem_inst_retired.all_stores,mem_load_retired.l3_hit,mem_load_retired.l3_miss,offcore_requests.l3_miss_demand_data_rd,offcore_requests.demand_data_rd,offcore_requests.demand_rfo,uncore_imc/cas_count_read/,uncore_imc/cas_count_write/,cycle_activity.stalls_l3_miss,memory_activity.stalls_l3_miss /root/yunwei37/ai-os/workloads/cxl-micro/double_bandwidth --buffer-size 1073741824 --threads 4 --duration 20 --read-ratio 0 --json --sequential
  App Bandwidth: 11740.4 MB/s, Cache Refs: 11319.0 MB/s

Test 2/240: buffer_size=1.0GB, threads=4, read_ratio=0.15
Running perf + double_bandwidth
Parameters: buffer_size=1073741824, threads=4, duration=20, read_ratio=0.15
Running command: sudo perf stat -e instructions,cycles,cache-references,cache-misses,longest_lat_cache.miss,mem_inst_retired.all_loads,mem_inst_retired.all_stores,mem_load_retired.l3_hit,mem_load_retired.l3_miss,offcore_requests.l3_miss_demand_data_rd,offcore_requests.demand_data_rd,offcore_requests.demand_rfo,uncore_imc/cas_count_read/,uncore_imc/cas_count_write/,cycle_activity.stalls_l3_miss,memory_activity.stalls_l3_miss /root/yunwei37/ai-os/workloads/cxl-micro/double_bandwidth --buffer-size 1073741824 --threads 4 --duration 20 --read-ratio 0.15 --json --sequential
  App Bandwidth: 12103.8 MB/s, Cache Refs: 11773.4 MB/s

Test 3/240: buffer_size=1.0GB, threads=4, read_ratio=0.25
Running perf + double_bandwidth
Parameters: buffer_size=1073741824, threads=4, duration=20, read_ratio=0.25
Running command: sudo perf stat -e instructions,cycles,cache-references,cache-misses,longest_lat_cache.miss,mem_inst_retired.all_loads,mem_inst_retired.all_stores,mem_load_retired.l3_hit,mem_load_retired.l3_miss,offcore_requests.l3_miss_demand_data_rd,offcore_requests.demand_data_rd,offcore_requests.demand_rfo,uncore_imc/cas_count_read/,uncore_imc/cas_count_write/,cycle_activity.stalls_l3_miss,memory_activity.stalls_l3_miss /root/yunwei37/ai-os/workloads/cxl-micro/double_bandwidth --buffer-size 1073741824 --threads 4 --duration 20 --read-ratio 0.25 --json --sequential
  App Bandwidth: 12844.7 MB/s, Cache Refs: 12369.2 MB/s

Test 4/240: buffer_size=1.0GB, threads=4, read_ratio=0.35
Running perf + double_bandwidth
Parameters: buffer_size=1073741824, threads=4, duration=20, read_ratio=0.35
Running command: sudo perf stat -e instructions,cycles,cache-references,cache-misses,longest_lat_cache.miss,mem_inst_retired.all_loads,mem_inst_retired.all_stores,mem_load_retired.l3_hit,mem_load_retired.l3_miss,offcore_requests.l3_miss_demand_data_rd,offcore_requests.demand_data_rd,offcore_requests.demand_rfo,uncore_imc/cas_count_read/,uncore_imc/cas_count_write/,cycle_activity.stalls_l3_miss,memory_activity.stalls_l3_miss /root/yunwei37/ai-os/workloads/cxl-micro/double_bandwidth --buffer-size 1073741824 --threads 4 --duration 20 --read-ratio 0.35 --json --sequential
  App Bandwidth: 16738.9 MB/s, Cache Refs: 16266.3 MB/s

Test 5/240: buffer_size=1.0GB, threads=4, read_ratio=0.45
Running perf + double_bandwidth
Parameters: buffer_size=1073741824, threads=4, duration=20, read_ratio=0.45
Running command: sudo perf stat -e instructions,cycles,cache-references,cache-misses,longest_lat_cache.miss,mem_inst_retired.all_loads,mem_inst_retired.all_stores,mem_load_retired.l3_hit,mem_load_retired.l3_miss,offcore_requests.l3_miss_demand_data_rd,offcore_requests.demand_data_rd,offcore_requests.demand_rfo,uncore_imc/cas_count_read/,uncore_imc/cas_count_write/,cycle_activity.stalls_l3_miss,memory_activity.stalls_l3_miss /root/yunwei37/ai-os/workloads/cxl-micro/double_bandwidth --buffer-size 1073741824 --threads 4 --duration 20 --read-ratio 0.45 --json --sequential
  App Bandwidth: 13228.2 MB/s, Cache Refs: 12705.4 MB/s

Test 6/240: buffer_size=1.0GB, threads=4, read_ratio=0.50
Running perf + double_bandwidth
Parameters: buffer_size=1073741824, threads=4, duration=20, read_ratio=0.5
Running command: sudo perf stat -e instructions,cycles,cache-references,cache-misses,longest_lat_cache.miss,mem_inst_retired.all_loads,mem_inst_retired.all_stores,mem_load_retired.l3_hit,mem_load_retired.l3_miss,offcore_requests.l3_miss_demand_data_rd,offcore_requests.demand_data_rd,offcore_requests.demand_rfo,uncore_imc/cas_count_read/,uncore_imc/cas_count_write/,cycle_activity.stalls_l3_miss,memory_activity.stalls_l3_miss /root/yunwei37/ai-os/workloads/cxl-micro/double_bandwidth --buffer-size 1073741824 --threads 4 --duration 20 --read-ratio 0.5 --json --sequential
  App Bandwidth: 19576.5 MB/s, Cache Refs: 19029.4 MB/s

Test 7/240: buffer_size=1.0GB, threads=4, read_ratio=0.55
Running perf + double_bandwidth
Parameters: buffer_size=1073741824, threads=4, duration=20, read_ratio=0.55
Running command: sudo perf stat -e instructions,cycles,cache-references,cache-misses,longest_lat_cache.miss,mem_inst_retired.all_loads,mem_inst_retired.all_stores,mem_load_retired.l3_hit,mem_load_retired.l3_miss,offcore_requests.l3_miss_demand_data_rd,offcore_requests.demand_data_rd,offcore_requests.demand_rfo,uncore_imc/cas_count_read/,uncore_imc/cas_count_write/,cycle_activity.stalls_l3_miss,memory_activity.stalls_l3_miss /root/yunwei37/ai-os/workloads/cxl-micro/double_bandwidth --buffer-size 1073741824 --threads 4 --duration 20 --read-ratio 0.55 --json --sequential
  App Bandwidth: 19768.2 MB/s, Cache Refs: 19049.7 MB/s

Test 8/240: buffer_size=1.0GB, threads=4, read_ratio=0.65
Running perf + double_bandwidth
Parameters: buffer_size=1073741824, threads=4, duration=20, read_ratio=0.65
Running command: sudo perf stat -e instructions,cycles,cache-references,cache-misses,longest_lat_cache.miss,mem_inst_retired.all_loads,mem_inst_retired.all_stores,mem_load_retired.l3_hit,mem_load_retired.l3_miss,offcore_requests.l3_miss_demand_data_rd,offcore_requests.demand_data_rd,offcore_requests.demand_rfo,uncore_imc/cas_count_read/,uncore_imc/cas_count_write/,cycle_activity.stalls_l3_miss,memory_activity.stalls_l3_miss /root/yunwei37/ai-os/workloads/cxl-micro/double_bandwidth --buffer-size 1073741824 --threads 4 --duration 20 --read-ratio 0.65 --json --sequential
  App Bandwidth: 17907.8 MB/s, Cache Refs: 17239.1 MB/s

Test 9/240: buffer_size=1.0GB, threads=4, read_ratio=0.75
Running perf + double_bandwidth
Parameters: buffer_size=1073741824, threads=4, duration=20, read_ratio=0.75
Running command: sudo perf stat -e instructions,cycles,cache-references,cache-misses,longest_lat_cache.miss,mem_inst_retired.all_loads,mem_inst_retired.all_stores,mem_load_retired.l3_hit,mem_load_retired.l3_miss,offcore_requests.l3_miss_demand_data_rd,offcore_requests.demand_data_rd,offcore_requests.demand_rfo,uncore_imc/cas_count_read/,uncore_imc/cas_count_write/,cycle_activity.stalls_l3_miss,memory_activity.stalls_l3_miss /root/yunwei37/ai-os/workloads/cxl-micro/double_bandwidth --buffer-size 1073741824 --threads 4 --duration 20 --read-ratio 0.75 --json --sequential
  App Bandwidth: 23013.0 MB/s, Cache Refs: 22305.0 MB/s

Test 10/240: buffer_size=1.0GB, threads=4, read_ratio=0.85
Running perf + double_bandwidth
Parameters: buffer_size=1073741824, threads=4, duration=20, read_ratio=0.85
